#
# A fatal error has been detected by the Java Runtime Environment:
#
#  EXCEPTION_ACCESS_VIOLATION (0xc0000005) at pc=0x00007ff8b650d100, pid=16244, tid=14028
#
# JRE version: OpenJDK Runtime Environment (11.0.7+10) (build 11.0.7+10-LTS)
# Java VM: OpenJDK 64-Bit Server VM (11.0.7+10-LTS, mixed mode, tiered, compressed oops, parallel gc, windows-amd64)
# Problematic frame:
# V  [jvm.dll+0x17d100]
#
# No core dump will be written. Minidumps are not enabled by default on client versions of Windows
#
# If you would like to submit a bug report, please visit:
#   http://bugreport.java.com/bugreport/crash.jsp
#

---------------  S U M M A R Y ------------

Command Line: --add-modules=ALL-SYSTEM --add-opens=java.base/java.util=ALL-UNNAMED --add-opens=java.base/java.lang=ALL-UNNAMED -Declipse.application=org.eclipse.jdt.ls.core.id1 -Dosgi.bundles.defaultStartLevel=4 -Declipse.product=org.eclipse.jdt.ls.core.product -Dfile.encoding=utf8 -DwatchParentProcess=false -XX:+UseParallelGC -XX:GCTimeRatio=4 -XX:AdaptiveSizePolicyWeight=90 -Dsun.zip.disableMemoryMapping=true -Xmx1G -Xms100m -Xverify:none c:\Users\ijust\.vscode\extensions\redhat.java-0.64.1\server\plugins\org.eclipse.equinox.launcher_1.5.700.v20200207-2156.jar -configuration c:\Users\ijust\AppData\Roaming\Code\User\globalStorage\redhat.java\0.64.1\config_win -data c:\Users\ijust\AppData\Roaming\Code\User\workspaceStorage\30e31cfeb228a3c5ab359a268a75e44e\redhat.java\jdt_ws

Host: Intel(R) Core(TM) i9-9900K CPU @ 3.60GHz, 16 cores, 31G,  Windows 10 , 64 bit Build 18362 (10.0.18362.900)
Time: Fri Jul 10 09:53:58 2020 Central Daylight Time elapsed time: 0 seconds (0d 0h 0m 0s)

---------------  T H R E A D  ---------------

Current thread (0x000001bf3b9aa800):  JavaThread "C1 CompilerThread0" daemon [_thread_in_native, id=14028, stack(0x000000047a900000,0x000000047aa00000)]


Current CompileTask:
C1:    443 1135   !   3       java.security.Provider$Service::newInstance (379 bytes)

Stack: [0x000000047a900000,0x000000047aa00000],  sp=0x000000047a9fe870,  free space=1018k
Native frames: (J=compiled Java code, j=interpreted, Vv=VM code, C=native code)
V  [jvm.dll+0x17d100]
V  [jvm.dll+0x137a40]
V  [jvm.dll+0x1341ee]
V  [jvm.dll+0x137085]
V  [jvm.dll+0x1370e7]
V  [jvm.dll+0x1370e7]
V  [jvm.dll+0x1370e7]
V  [jvm.dll+0x1370e7]
V  [jvm.dll+0x1370e7]
V  [jvm.dll+0x1370e7]
V  [jvm.dll+0x1370e7]
V  [jvm.dll+0x1370e7]
V  [jvm.dll+0x1370e7]
V  [jvm.dll+0x1370e7]
V  [jvm.dll+0x1370e7]
V  [jvm.dll+0x1370e7]
V  [jvm.dll+0x1370e7]
V  [jvm.dll+0x1370e7]
V  [jvm.dll+0x1370e7]
V  [jvm.dll+0x1371d8]
V  [jvm.dll+0x17b45d]
V  [jvm.dll+0x11e341]
V  [jvm.dll+0x11e5b0]
V  [jvm.dll+0x11e86f]
V  [jvm.dll+0x11db17]
V  [jvm.dll+0x11fa27]
V  [jvm.dll+0x208a97]
V  [jvm.dll+0x206c7b]
V  [jvm.dll+0x6db749]
V  [jvm.dll+0x6d49e4]
V  [jvm.dll+0x5dde16]
C  [ucrtbase.dll+0x20e82]
C  [KERNEL32.DLL+0x17bd4]
C  [ntdll.dll+0x6ce51]


siginfo: EXCEPTION_ACCESS_VIOLATION (0xc0000005), reading address 0x0000000000000118


Register to memory mapping:

RIP=0x00007ff8b650d100 jvm.dll
RAX=0x000001bf3b9b2ea0 points into unknown readable memory: 28 84 b7 b6 f8 7f 00 00
RBX=0x000001bf3dcfc218 points into unknown readable memory: 00 bf 6b 3e bf 01 00 00
RCX=0x000000047a9fed28 is pointing into the stack for thread: 0x000001bf3b9aa800
RDX=0x000001bf3dcfc210 points into unknown readable memory: 90 f4 c2 3d bf 01 00 00
RSP=0x000000047a9fe870 is pointing into the stack for thread: 0x000001bf3b9aa800
RBP=0x0 is NULL
RSI=0x000001bf3dc2f490 points into unknown readable memory: 00 a8 b7 b6 f8 7f 00 00
RDI=0x0 is NULL
R8 =0x00007ff8b6b7edd8 jvm.dll
R9 =0x0000000000000029 is an unknown value
R10=0xffffffffffffd6a0 is an unknown value
R11=0x000001bf3d955640 points into unknown readable memory: 00 00 00 39 00 00 00 00
R12=0x0 is NULL
R13=0x0000000000000100 is an unknown value
R14=0x000000047a9fed28 is pointing into the stack for thread: 0x000001bf3b9aa800
R15=0x000001bf3dcfc1e0 points into unknown readable memory: 00 00 00 00 00 00 00 00


Registers:
RAX=0x000001bf3b9b2ea0, RBX=0x000001bf3dcfc218, RCX=0x000000047a9fed28, RDX=0x000001bf3dcfc210
RSP=0x000000047a9fe870, RBP=0x0000000000000000, RSI=0x000001bf3dc2f490, RDI=0x0000000000000000
R8 =0x00007ff8b6b7edd8, R9 =0x0000000000000029, R10=0xffffffffffffd6a0, R11=0x000001bf3d955640
R12=0x0000000000000000, R13=0x0000000000000100, R14=0x000000047a9fed28, R15=0x000001bf3dcfc1e0
RIP=0x00007ff8b650d100, EFLAGS=0x0000000000010206

Top of Stack: (sp=0x000000047a9fe870)
0x000000047a9fe870:   000001bf3dcfc210 000001bf3daccbc0
0x000000047a9fe880:   000000047a9fecd0 00007ff8b64c4eb8
0x000000047a9fe890:   0000000500000005 0000000000000000
0x000000047a9fe8a0:   0000000000000007 000001bf3dcfc1e0
0x000000047a9fe8b0:   0000000100000001 0000000000000000
0x000000047a9fe8c0:   0000000000000007 000001bf3dcfc210
0x000000047a9fe8d0:   0000000000000000 0000000000000000
0x000000047a9fe8e0:   0000000000000007 000001bf3dcfc1e0
0x000000047a9fe8f0:   000001bf3da1a4f0 000001bf3dfe7500
0x000000047a9fe900:   000000047a9fed28 000001bf3dcfbae0
0x000000047a9fe910:   000000047a9fee00 00007ff8b64c7a40
0x000000047a9fe920:   000001bf3dcfc070 000001bf3bac8120
0x000000047a9fe930:   000000047a9fed28 000001bf3dcfa8e0
0x000000047a9fe940:   000001bf3dcfbfd0 00007ff8b64c41ee
0x000000047a9fe950:   000001bf3dcfc070 000000047a9fed28
0x000000047a9fe960:   000001bf3bac8120 000001bf3dcf5fe0 

Instructions: (pc=0x00007ff8b650d100)
0x00007ff8b650d000:   89 7c 24 20 41 56 48 83 ec 20 48 8b 41 50 48 8b
0x00007ff8b650d010:   d9 49 63 f0 b9 68 00 00 00 48 8d 3c f5 00 00 00
0x00007ff8b650d020:   00 48 8b ea 4c 8b 0c 38 4d 8b 71 18 e8 6f bf f9
0x00007ff8b650d030:   ff 48 85 c0 74 1d f7 d6 4c 8b c5 44 8b ce 49 8b
0x00007ff8b650d040:   d6 48 8b c8 e8 b7 f5 ff ff 48 8b 4b 50 48 89 04
0x00007ff8b650d050:   0f eb 0c 48 8b 4b 50 48 c7 04 0f 00 00 00 00 48
0x00007ff8b650d060:   8b 5c 24 30 48 8b 6c 24 38 48 8b 74 24 40 48 8b
0x00007ff8b650d070:   7c 24 48 48 83 c4 20 41 5e c3 cc cc cc cc cc cc
0x00007ff8b650d080:   33 c0 48 85 c9 74 15 66 0f 1f 84 00 00 00 00 00
0x00007ff8b650d090:   03 41 58 48 8b 49 08 48 85 c9 75 f4 c3 cc cc cc
0x00007ff8b650d0a0:   ff 49 58 33 c0 48 85 c9 74 12 66 0f 1f 44 00 00
0x00007ff8b650d0b0:   03 41 58 48 8b 49 08 48 85 c9 75 f4 c3 cc cc cc
0x00007ff8b650d0c0:   48 85 c9 0f 84 f6 01 00 00 48 8b c4 41 55 41 56
0x00007ff8b650d0d0:   48 81 ec 98 00 00 00 48 89 58 08 4c 8b f2 48 89
0x00007ff8b650d0e0:   68 10 4c 8b e9 48 89 70 18 48 89 78 e8 4c 89 60
0x00007ff8b650d0f0:   e0 45 33 e4 4c 89 78 d8 0f 1f 84 00 00 00 00 00
0x00007ff8b650d100:   41 0f 10 4d 18 41 8b fc 41 0f 10 45 28 66 0f 7e
0x00007ff8b650d110:   cd 0f 29 44 24 30 4c 8b 7c 24 38 0f 29 4c 24 20
0x00007ff8b650d120:   85 ed 7e 3a 49 8b df 48 8b 33 48 85 f6 74 25 48
0x00007ff8b650d130:   8b 46 18 83 78 0c 08 74 1b 49 8b 06 48 8b d3 49
0x00007ff8b650d140:   8b ce ff 10 48 8b 46 18 83 78 08 02 75 06 ff c7
0x00007ff8b650d150:   48 83 c3 08 ff c7 48 83 c3 08 3b fd 7c c9 48 83
0x00007ff8b650d160:   7c 24 28 01 75 17 44 89 64 24 20 4d 85 ff 74 0d
0x00007ff8b650d170:   49 8b d7 48 8d 4c 24 20 e8 c3 55 05 00 41 0f 10
0x00007ff8b650d180:   4d 38 41 8b fc 41 0f 10 45 48 66 0f 7e cd 0f 29
0x00007ff8b650d190:   44 24 50 4c 8b 7c 24 58 0f 29 4c 24 40 85 ed 7e
0x00007ff8b650d1a0:   3a 49 8b df 48 8b 33 48 85 f6 74 25 48 8b 46 18
0x00007ff8b650d1b0:   83 78 0c 08 74 1b 49 8b 06 48 8b d3 49 8b ce ff
0x00007ff8b650d1c0:   10 48 8b 46 18 83 78 08 02 75 06 ff c7 48 83 c3
0x00007ff8b650d1d0:   08 ff c7 48 83 c3 08 3b fd 7c c9 48 83 7c 24 48
0x00007ff8b650d1e0:   01 75 17 44 89 64 24 40 4d 85 ff 74 0d 49 8b d7
0x00007ff8b650d1f0:   48 8d 4c 24 40 e8 46 55 05 00 41 0f 10 4d 58 41 


Stack slot to memory mapping:
stack at sp + 0 slots: 0x000001bf3dcfc210 points into unknown readable memory: 90 f4 c2 3d bf 01 00 00
stack at sp + 1 slots: 0x000001bf3daccbc0 points into unknown readable memory: 80 bc b7 b6 f8 7f 00 00
stack at sp + 2 slots: 0x000000047a9fecd0 is pointing into the stack for thread: 0x000001bf3b9aa800
stack at sp + 3 slots: 0x00007ff8b64c4eb8 jvm.dll
stack at sp + 4 slots: 0x0000000500000005 is an unknown value
stack at sp + 5 slots: 0x0 is NULL
stack at sp + 6 slots: 0x0000000000000007 is an unknown value
stack at sp + 7 slots: 0x000001bf3dcfc1e0 points into unknown readable memory: 00 00 00 00 00 00 00 00


---------------  P R O C E S S  ---------------

Threads class SMR info:
_java_thread_list=0x000001bf3de48770, length=15, elements={
0x000001bf2064f800, 0x000001bf3b995800, 0x000001bf3b98b800, 0x000001bf3b9f8800,
0x000001bf3b9fa800, 0x000001bf3b9fc000, 0x000001bf3b9aa800, 0x000001bf3b9b0000,
0x000001bf3bb52000, 0x000001bf3bb5f800, 0x000001bf3bb60800, 0x000001bf3bba6000,
0x000001bf3bcbc000, 0x000001bf3e446800, 0x000001bf3dd49800
}

Java Threads: ( => current thread )
  0x000001bf2064f800 JavaThread "main" [_thread_in_Java, id=19528, stack(0x000000047a100000,0x000000047a200000)]
  0x000001bf3b995800 JavaThread "Reference Handler" daemon [_thread_blocked, id=13320, stack(0x000000047a400000,0x000000047a500000)]
  0x000001bf3b98b800 JavaThread "Finalizer" daemon [_thread_blocked, id=23724, stack(0x000000047a500000,0x000000047a600000)]
  0x000001bf3b9f8800 JavaThread "Signal Dispatcher" daemon [_thread_blocked, id=1816, stack(0x000000047a600000,0x000000047a700000)]
  0x000001bf3b9fa800 JavaThread "Attach Listener" daemon [_thread_blocked, id=34588, stack(0x000000047a700000,0x000000047a800000)]
  0x000001bf3b9fc000 JavaThread "C2 CompilerThread0" daemon [_thread_blocked, id=11640, stack(0x000000047a800000,0x000000047a900000)]
=>0x000001bf3b9aa800 JavaThread "C1 CompilerThread0" daemon [_thread_in_native, id=14028, stack(0x000000047a900000,0x000000047aa00000)]
  0x000001bf3b9b0000 JavaThread "Sweeper thread" daemon [_thread_blocked, id=28084, stack(0x000000047aa00000,0x000000047ab00000)]
  0x000001bf3bb52000 JavaThread "Common-Cleaner" daemon [_thread_blocked, id=2900, stack(0x000000047ab00000,0x000000047ac00000)]
  0x000001bf3bb5f800 JavaThread "C1 CompilerThread1" daemon [_thread_blocked, id=33628, stack(0x000000047ac00000,0x000000047ad00000)]
  0x000001bf3bb60800 JavaThread "C1 CompilerThread2" daemon [_thread_blocked, id=23092, stack(0x000000047ad00000,0x000000047ae00000)]
  0x000001bf3bba6000 JavaThread "C2 CompilerThread1" daemon [_thread_blocked, id=11788, stack(0x000000047ae00000,0x000000047af00000)]
  0x000001bf3bcbc000 JavaThread "Service Thread" daemon [_thread_blocked, id=18808, stack(0x000000047b000000,0x000000047b100000)]
  0x000001bf3e446800 JavaThread "C2 CompilerThread2" daemon [_thread_blocked, id=13560, stack(0x000000047af00000,0x000000047b000000)]
  0x000001bf3dd49800 JavaThread "Active Thread: Equinox Container: e826051d-96e3-4ce8-a5c4-f344cdcfdd6f" [_thread_blocked, id=33876, stack(0x000000047b200000,0x000000047b300000)]

Other Threads:
  0x000001bf3b983000 VMThread "VM Thread" [stack: 0x000000047a300000,0x000000047a400000] [id=5180]
  0x000001bf3bcbd800 WatcherThread [stack: 0x000000047b100000,0x000000047b200000] [id=34084]
  0x000001bf20669800 GCTaskThread "ParGC Thread#0" [stack: 0x000000047a200000,0x000000047a300000] [id=22616]

Threads with active compile tasks:
C1 CompilerThread0    465 1135   !   3       java.security.Provider$Service::newInstance (379 bytes)

VM state:not at safepoint (normal execution)

VM Mutex/Monitor currently owned by a thread: None

Heap address: 0x00000000c0000000, size: 1024 MB, Compressed Oops mode: 32-bit
Narrow klass base: 0x0000000000000000, Narrow klass shift: 3
Compressed class space size: 1073741824 Address: 0x0000000100000000

Heap:
 PSYoungGen      total 29696K, used 23444K [0x00000000eab00000, 0x00000000ecc00000, 0x0000000100000000)
  eden space 25600K, 91% used [0x00000000eab00000,0x00000000ec1e5300,0x00000000ec400000)
  from space 4096K, 0% used [0x00000000ec800000,0x00000000ec800000,0x00000000ecc00000)
  to   space 4096K, 0% used [0x00000000ec400000,0x00000000ec400000,0x00000000ec800000)
 ParOldGen       total 68608K, used 0K [0x00000000c0000000, 0x00000000c4300000, 0x00000000eab00000)
  object space 68608K, 0% used [0x00000000c0000000,0x00000000c0000000,0x00000000c4300000)
 Metaspace       used 12760K, capacity 12988K, committed 13056K, reserved 1060864K
  class space    used 1156K, capacity 1241K, committed 1280K, reserved 1048576K

Card table byte_map: [0x000001bf20010000,0x000001bf20220000] _byte_map_base: 0x000001bf1fa10000

Marking Bits: (ParMarkBitMap*) 0x00007ff8b6d95ed0
 Begin Bits: [0x000001bf37cb0000, 0x000001bf38cb0000)
 End Bits:   [0x000001bf38cb0000, 0x000001bf39cb0000)

Polling page: 0x000001bf1e4e0000

Metaspace:

Usage:
  Non-class:     11.47 MB capacity,    11.33 MB ( 99%) used,   127.32 KB (  1%) free+waste,    15.50 KB ( <1%) overhead. 
      Class:      1.21 MB capacity,     1.13 MB ( 93%) used,    77.88 KB (  6%) free+waste,     6.44 KB ( <1%) overhead. 
       Both:     12.68 MB capacity,    12.46 MB ( 98%) used,   205.20 KB (  2%) free+waste,    21.94 KB ( <1%) overhead. 

Virtual space:
  Non-class space:       12.00 MB reserved,      11.50 MB ( 96%) committed 
      Class space:        1.00 GB reserved,       1.25 MB ( <1%) committed 
             Both:        1.01 GB reserved,      12.75 MB (  1%) committed 

Chunk freelists:
   Non-Class:  29.00 KB
       Class:  7.00 KB
        Both:  36.00 KB

MaxMetaspaceSize: 17179869184.00 GB
CompressedClassSpaceSize: 1.00 GB

CodeHeap 'non-profiled nmethods': size=119168Kb used=421Kb max_used=421Kb free=118746Kb
 bounds [0x000001bf30850000, 0x000001bf30ac0000, 0x000001bf37cb0000]
CodeHeap 'profiled nmethods': size=119168Kb used=2209Kb max_used=2209Kb free=116959Kb
 bounds [0x000001bf293f0000, 0x000001bf29660000, 0x000001bf30850000]
CodeHeap 'non-nmethods': size=7424Kb used=2206Kb max_used=2226Kb free=5218Kb
 bounds [0x000001bf28cb0000, 0x000001bf28f20000, 0x000001bf293f0000]
 total_blobs=2174 nmethods=1234 adapters=299
 compilation: enabled
              stopped_count=0, restarted_count=0
 full_count=0

Compilation events (20 events):
Event: 0.439 Thread 0x000001bf3bb60800 1127       3       java.io.RandomAccessFile::readFully (45 bytes)
Event: 0.439 Thread 0x000001bf3bb60800 nmethod 1127 0x000001bf295c7910 code [0x000001bf295c7b00, 0x000001bf295c7ec0]
Event: 0.439 Thread 0x000001bf3bb5f800 1128       3       java.util.zip.ZipCoder$UTF8::getBytes (10 bytes)
Event: 0.439 Thread 0x000001bf3b9aa800 1129       3       java.lang.System$2::getBytesUTF8NoRepl (5 bytes)
Event: 0.439 Thread 0x000001bf3bb60800 1130       3       java.lang.StringCoding::getBytesUTF8NoRepl (13 bytes)
Event: 0.440 Thread 0x000001bf3bb60800 nmethod 1130 0x000001bf295c8090 code [0x000001bf295c8260, 0x000001bf295c8490]
Event: 0.440 Thread 0x000001bf3bb5f800 nmethod 1128 0x000001bf295c8590 code [0x000001bf295c8780, 0x000001bf295c8ab0]
Event: 0.440 Thread 0x000001bf3b9aa800 nmethod 1129 0x000001bf295c8c10 code [0x000001bf295c8de0, 0x000001bf295c9090]
Event: 0.440 Thread 0x000001bf3e446800 nmethod 1125 0x000001bf308b4c10 code [0x000001bf308b4dc0, 0x000001bf308b5058]
Event: 0.440 Thread 0x000001bf3bb60800 1131       3       java.util.jar.JarFile::getEntry0 (24 bytes)
Event: 0.440 Thread 0x000001bf3bb5f800 1132       3       java.util.jar.JarFile$1::<init> (10 bytes)
Event: 0.440 Thread 0x000001bf3b9aa800 1133       3       java.util.zip.ZipFile$1::getEntry (10 bytes)
Event: 0.440 Thread 0x000001bf3bb5f800 nmethod 1132 0x000001bf295c9190 code [0x000001bf295c9340, 0x000001bf295c9518]
Event: 0.440 Thread 0x000001bf3bb5f800 1134   !   3       java.util.zip.ZipFile::getEntry (73 bytes)
Event: 0.440 Thread 0x000001bf3b9aa800 nmethod 1133 0x000001bf295c9610 code [0x000001bf295c97e0, 0x000001bf295c9a70]
Event: 0.440 Thread 0x000001bf3b9aa800 1135   !   3       java.security.Provider$Service::newInstance (379 bytes)
Event: 0.440 Thread 0x000001bf3bb60800 nmethod 1131 0x000001bf295c9b90 code [0x000001bf295c9d80, 0x000001bf295ca290]
Event: 0.440 Thread 0x000001bf3bb60800 1136   !   3       java.security.Provider$Service::getImplClass (186 bytes)
Event: 0.441 Thread 0x000001bf3bb5f800 nmethod 1134 0x000001bf295ca410 code [0x000001bf295ca640, 0x000001bf295cacf0]
Event: 0.441 Thread 0x000001bf3bb5f800 1137   !   3       java.security.Provider::newInstanceUtil (85 bytes)

GC Heap History (0 events):
No events

Deoptimization events (20 events):
Event: 0.335 Thread 0x000001bf2064f800 Uncommon trap: trap_request=0xffffffc6 fr.pc=0x000001bf30872cc8 relative=0x00000000000008a8
Event: 0.335 Thread 0x000001bf2064f800 Uncommon trap: reason=bimorphic_or_optimized_type_check action=maybe_recompile pc=0x000001bf30872cc8 method=java.util.HashMap.putVal(ILjava/lang/Object;Ljava/lang/Object;ZZ)Ljava/lang/Object; @ 152 c2
Event: 0.335 Thread 0x000001bf2064f800 DEOPT PACKING pc=0x000001bf30872cc8 sp=0x000000047a1fdf70
Event: 0.335 Thread 0x000001bf2064f800 DEOPT UNPACKING pc=0x000001bf28cd872f sp=0x000000047a1fde68 mode 2
Event: 0.338 Thread 0x000001bf2064f800 Uncommon trap: trap_request=0xffffffc6 fr.pc=0x000001bf30872cc8 relative=0x00000000000008a8
Event: 0.338 Thread 0x000001bf2064f800 Uncommon trap: reason=bimorphic_or_optimized_type_check action=maybe_recompile pc=0x000001bf30872cc8 method=java.util.HashMap.putVal(ILjava/lang/Object;Ljava/lang/Object;ZZ)Ljava/lang/Object; @ 152 c2
Event: 0.338 Thread 0x000001bf2064f800 DEOPT PACKING pc=0x000001bf30872cc8 sp=0x000000047a1fdff0
Event: 0.338 Thread 0x000001bf2064f800 DEOPT UNPACKING pc=0x000001bf28cd872f sp=0x000000047a1fdee8 mode 2
Event: 0.348 Thread 0x000001bf2064f800 Uncommon trap: trap_request=0xffffff4d fr.pc=0x000001bf30893688 relative=0x0000000000000248
Event: 0.348 Thread 0x000001bf2064f800 Uncommon trap: reason=unstable_if action=reinterpret pc=0x000001bf30893688 method=java.util.HashMap.hash(Ljava/lang/Object;)I @ 1 c2
Event: 0.348 Thread 0x000001bf2064f800 DEOPT PACKING pc=0x000001bf30893688 sp=0x000000047a1fe1d0
Event: 0.348 Thread 0x000001bf2064f800 DEOPT UNPACKING pc=0x000001bf28cd872f sp=0x000000047a1fe108 mode 2
Event: 0.350 Thread 0x000001bf2064f800 Uncommon trap: trap_request=0xffffff4d fr.pc=0x000001bf3087212c relative=0x000000000000008c
Event: 0.350 Thread 0x000001bf2064f800 Uncommon trap: reason=unstable_if action=reinterpret pc=0x000001bf3087212c method=java.util.HashMap.hash(Ljava/lang/Object;)I @ 1 c2
Event: 0.350 Thread 0x000001bf2064f800 DEOPT PACKING pc=0x000001bf3087212c sp=0x000000047a1fe200
Event: 0.350 Thread 0x000001bf2064f800 DEOPT UNPACKING pc=0x000001bf28cd872f sp=0x000000047a1fe198 mode 2
Event: 0.350 Thread 0x000001bf2064f800 Uncommon trap: trap_request=0xffffff4d fr.pc=0x000001bf30872cf8 relative=0x00000000000008d8
Event: 0.350 Thread 0x000001bf2064f800 Uncommon trap: reason=unstable_if action=reinterpret pc=0x000001bf30872cf8 method=java.util.HashMap.hash(Ljava/lang/Object;)I @ 1 c2
Event: 0.350 Thread 0x000001bf2064f800 DEOPT PACKING pc=0x000001bf30872cf8 sp=0x000000047a1fe230
Event: 0.350 Thread 0x000001bf2064f800 DEOPT UNPACKING pc=0x000001bf28cd872f sp=0x000000047a1fe1a0 mode 2

Classes redefined (0 events):
No events

Internal exceptions (20 events):
Event: 0.145 Thread 0x000001bf2064f800 Exception <a 'java/lang/ClassNotFoundException'{0x00000000eb02f928}: sun/net/www/protocol/c/Handler> (0x00000000eb02f928) thrown at [./src/hotspot/share/classfile/systemDictionary.cpp, line 231]
Event: 0.148 Thread 0x000001bf2064f800 Exception <a 'java/io/FileNotFoundException'{0x00000000eb045e68}> (0x00000000eb045e68) thrown at [./src/hotspot/share/prims/jni.cpp, line 615]
Event: 0.148 Thread 0x000001bf2064f800 Exception <a 'java/io/FileNotFoundException'{0x00000000eb046c30}> (0x00000000eb046c30) thrown at [./src/hotspot/share/prims/jni.cpp, line 615]
Event: 0.148 Thread 0x000001bf2064f800 Exception <a 'java/io/FileNotFoundException'{0x00000000eb0478b8}> (0x00000000eb0478b8) thrown at [./src/hotspot/share/prims/jni.cpp, line 615]
Event: 0.148 Thread 0x000001bf2064f800 Exception <a 'java/io/FileNotFoundException'{0x00000000eb048558}> (0x00000000eb048558) thrown at [./src/hotspot/share/prims/jni.cpp, line 615]
Event: 0.151 Thread 0x000001bf2064f800 Exception <a 'java/io/FileNotFoundException'{0x00000000eb0643f0}> (0x00000000eb0643f0) thrown at [./src/hotspot/share/prims/jni.cpp, line 615]
Event: 0.216 Thread 0x000001bf2064f800 Exception <a 'java/lang/NoSuchMethodError'{0x00000000eb7808b0}: 'java.lang.Object java.lang.invoke.DirectMethodHandle$Holder.invokeStaticInit(java.lang.Object, int, int, int, int)'> (0x00000000eb7808b0) thrown at [./src/hotspot/share/interpreter/linkResolver.cpp, line 773]
Event: 0.331 Thread 0x000001bf2064f800 Exception <a 'java/lang/NoSuchMethodError'{0x00000000eb7be820}: 'java.lang.Object java.lang.invoke.DirectMethodHandle$Holder.invokeStaticInit(java.lang.Object, java.lang.Object, int, int, int, int)'> (0x00000000eb7be820) thrown at [./src/hotspot/share/interpreter/linkResolver.cpp, line 773]
Event: 0.334 Thread 0x000001bf2064f800 Exception <a 'java/lang/ClassNotFoundException'{0x00000000eb7dd190}: sun/net/www/protocol/c/Handler> (0x00000000eb7dd190) thrown at [./src/hotspot/share/classfile/systemDictionary.cpp, line 231]
Event: 0.334 Thread 0x000001bf2064f800 Exception <a 'java/lang/ClassNotFoundException'{0x00000000eb7de660}: sun/net/www/protocol/c/Handler> (0x00000000eb7de660) thrown at [./src/hotspot/share/classfile/systemDictionary.cpp, line 231]
Event: 0.334 Thread 0x000001bf2064f800 Exception <a 'java/lang/ClassNotFoundException'{0x00000000eb7df980}: sun/net/www/protocol/c/Handler> (0x00000000eb7df980) thrown at [./src/hotspot/share/classfile/systemDictionary.cpp, line 231]
Event: 0.338 Thread 0x000001bf2064f800 Exception <a 'java/io/FileNotFoundException'{0x00000000eb7fe6f8}> (0x00000000eb7fe6f8) thrown at [./src/hotspot/share/prims/jni.cpp, line 615]
Event: 0.348 Thread 0x000001bf2064f800 Implicit null exception at 0x000001bf30893475 to 0x000001bf30893676
Event: 0.350 Thread 0x000001bf2064f800 Implicit null exception at 0x000001bf308720af to 0x000001bf3087211d
Event: 0.350 Thread 0x000001bf2064f800 Implicit null exception at 0x000001bf3087245b to 0x000001bf30872cde
Event: 0.361 Thread 0x000001bf2064f800 Exception <a 'java/lang/NoSuchMethodError'{0x00000000eb984b10}: 'int java.lang.invoke.DirectMethodHandle$Holder.invokeStaticInit(java.lang.Object, java.lang.Object, java.lang.Object, java.lang.Object)'> (0x00000000eb984b10) thrown at [./src/hotspot/share/interpreter/linkResolver.cpp, line 773]
Event: 0.362 Thread 0x000001bf2064f800 Exception <a 'java/lang/IncompatibleClassChangeError'{0x00000000eb98ea58}: Found class java.lang.Object, but interface was expected> (0x00000000eb98ea58) thrown at [./src/hotspot/share/interpreter/linkResolver.cpp, line 839]
Event: 0.362 Thread 0x000001bf2064f800 Exception <a 'java/lang/NoSuchMethodError'{0x00000000eb991b18}: 'void java.lang.invoke.DirectMethodHandle$Holder.invokeStaticInit(java.lang.Object, java.lang.Object)'> (0x00000000eb991b18) thrown at [./src/hotspot/share/interpreter/linkResolver.cpp, line 773]
Event: 0.363 Thread 0x000001bf2064f800 Exception <a 'java/lang/NoSuchMethodError'{0x00000000eb996de0}: 'int java.lang.invoke.DirectMethodHandle$Holder.invokeStaticInit(java.lang.Object, java.lang.Object)'> (0x00000000eb996de0) thrown at [./src/hotspot/share/interpreter/linkResolver.cpp, line 773]
Event: 0.390 Thread 0x000001bf2064f800 Exception <a 'java/lang/NoSuchMethodError'{0x00000000ebb00e28}: 'int java.lang.invoke.DirectMethodHandle$Holder.invokeSpecialIFC(java.lang.Object, java.lang.Object, int)'> (0x00000000ebb00e28) thrown at [./src/hotspot/share/interpreter/linkResolver.cpp, line 773]

Events (20 events):
Event: 0.439 loading class org/eclipse/osgi/storage/bundlefile/BundleFileWrapperChain
Event: 0.439 loading class org/eclipse/osgi/storage/bundlefile/BundleFileWrapperChain done
Event: 0.440 loading class org/eclipse/osgi/storage/bundlefile/BundleFileWrapper
Event: 0.440 loading class org/eclipse/osgi/storage/bundlefile/BundleFileWrapper done
Event: 0.440 loading class org/eclipse/osgi/internal/loader/ModuleClassLoader$GenerationProtectionDomain
Event: 0.440 loading class org/eclipse/osgi/internal/loader/ModuleClassLoader$GenerationProtectionDomain done
Event: 0.440 loading class org/eclipse/osgi/internal/loader/classpath/ClasspathEntry$PDEData
Event: 0.440 loading class org/eclipse/osgi/internal/loader/classpath/ClasspathEntry$PDEData done
Event: 0.440 loading class org/eclipse/osgi/internal/loader/classpath/ManifestPackageAttributes
Event: 0.440 loading class org/eclipse/osgi/internal/loader/classpath/ManifestPackageAttributes done
Event: 0.440 loading class org/eclipse/osgi/internal/loader/classpath/TitleVersionVendor
Event: 0.440 loading class org/eclipse/osgi/internal/loader/classpath/TitleVersionVendor done
Event: 0.441 loading class java/util/ArrayList$ListItr
Event: 0.441 loading class java/util/ArrayList$ListItr done
Event: 0.441 Executing VM operation: Deoptimize
Event: 0.441 Executing VM operation: Deoptimize done
Event: 0.441 loading class org/eclipse/osgi/internal/container/InternalUtils
Event: 0.441 loading class org/eclipse/osgi/internal/container/InternalUtils done
Event: 0.441 loading class org/eclipse/osgi/internal/framework/SystemBundleActivator
Event: 0.441 loading class org/eclipse/osgi/internal/framework/SystemBundleActivator done


Dynamic libraries:
0x00007ff720a60000 - 0x00007ff720a6d000 	C:\Program Files\Amazon Corretto\jdk11.0.7_10\bin\java.exe
0x00007ff91a660000 - 0x00007ff91a850000 	C:\WINDOWS\SYSTEM32\ntdll.dll
0x00007ff91a560000 - 0x00007ff91a612000 	C:\WINDOWS\System32\KERNEL32.DLL
0x00007ff917f10000 - 0x00007ff9181b4000 	C:\WINDOWS\System32\KERNELBASE.dll
0x00007ff9181c0000 - 0x00007ff9182ba000 	C:\WINDOWS\System32\ucrtbase.dll
0x00007ff9108f0000 - 0x00007ff910907000 	C:\Program Files\Amazon Corretto\jdk11.0.7_10\bin\jli.dll
0x00007ff8f9a80000 - 0x00007ff8f9a95000 	C:\Program Files\Amazon Corretto\jdk11.0.7_10\bin\VCRUNTIME140.dll
0x00007ff91a3c0000 - 0x00007ff91a554000 	C:\WINDOWS\System32\USER32.dll
0x00007ff9184c0000 - 0x00007ff9184e1000 	C:\WINDOWS\System32\win32u.dll
0x00007ff9080a0000 - 0x00007ff908324000 	C:\WINDOWS\WinSxS\amd64_microsoft.windows.common-controls_6595b64144ccf1df_6.0.18362.900_none_e6beb9d913147d17\COMCTL32.dll
0x00007ff919f50000 - 0x00007ff919f76000 	C:\WINDOWS\System32\GDI32.dll
0x00007ff9192d0000 - 0x00007ff91936e000 	C:\WINDOWS\System32\msvcrt.dll
0x00007ff917d70000 - 0x00007ff917f05000 	C:\WINDOWS\System32\gdi32full.dll
0x00007ff918780000 - 0x00007ff918ab5000 	C:\WINDOWS\System32\combase.dll
0x00007ff918600000 - 0x00007ff91869e000 	C:\WINDOWS\System32\msvcp_win.dll
0x00007ff919780000 - 0x00007ff9198a0000 	C:\WINDOWS\System32\RPCRT4.dll
0x00007ff918410000 - 0x00007ff918490000 	C:\WINDOWS\System32\bcryptPrimitives.dll
0x00007ff918b40000 - 0x00007ff918b6e000 	C:\WINDOWS\System32\IMM32.DLL
0x00007ff8f7f00000 - 0x00007ff8f7f9b000 	C:\Program Files\Amazon Corretto\jdk11.0.7_10\bin\msvcp140.dll
0x00007ff8b6390000 - 0x00007ff8b6e4c000 	C:\Program Files\Amazon Corretto\jdk11.0.7_10\bin\server\jvm.dll
0x00007ff919fe0000 - 0x00007ff91a083000 	C:\WINDOWS\System32\ADVAPI32.dll
0x00007ff9196e0000 - 0x00007ff919777000 	C:\WINDOWS\System32\sechost.dll
0x00007ff91a090000 - 0x00007ff91a098000 	C:\WINDOWS\System32\PSAPI.DLL
0x00007ff912c10000 - 0x00007ff912c19000 	C:\WINDOWS\SYSTEM32\WSOCK32.dll
0x00007ff911e00000 - 0x00007ff911e0a000 	C:\WINDOWS\SYSTEM32\VERSION.dll
0x00007ff919530000 - 0x00007ff91959f000 	C:\WINDOWS\System32\WS2_32.dll
0x00007ff9119b0000 - 0x00007ff9119d4000 	C:\WINDOWS\SYSTEM32\WINMM.dll
0x00007ff911830000 - 0x00007ff91185d000 	C:\WINDOWS\SYSTEM32\WINMMBASE.dll
0x00007ff9186c0000 - 0x00007ff91870a000 	C:\WINDOWS\System32\cfgmgr32.dll
0x00007ff917530000 - 0x00007ff917541000 	C:\WINDOWS\System32\kernel.appcore.dll
0x00007ff9118a0000 - 0x00007ff9118b0000 	C:\Program Files\Amazon Corretto\jdk11.0.7_10\bin\verify.dll
0x00007ff9154f0000 - 0x00007ff9156e4000 	C:\WINDOWS\SYSTEM32\DBGHELP.DLL
0x00007ff900bc0000 - 0x00007ff900bea000 	C:\WINDOWS\SYSTEM32\dbgcore.DLL
0x00007ff8f8c20000 - 0x00007ff8f8c48000 	C:\Program Files\Amazon Corretto\jdk11.0.7_10\bin\java.dll
0x00007ff8f8c00000 - 0x00007ff8f8c16000 	C:\Program Files\Amazon Corretto\jdk11.0.7_10\bin\zip.dll
0x00007ff9108b0000 - 0x00007ff9108ba000 	C:\Program Files\Amazon Corretto\jdk11.0.7_10\bin\jimage.dll
0x00007ff918b70000 - 0x00007ff919256000 	C:\WINDOWS\System32\SHELL32.dll
0x00007ff9198b0000 - 0x00007ff919959000 	C:\WINDOWS\System32\shcore.dll
0x00007ff9175f0000 - 0x00007ff917d70000 	C:\WINDOWS\System32\windows.storage.dll
0x00007ff917570000 - 0x00007ff917593000 	C:\WINDOWS\System32\profapi.dll
0x00007ff9175a0000 - 0x00007ff9175ea000 	C:\WINDOWS\System32\powrprof.dll
0x00007ff917520000 - 0x00007ff917530000 	C:\WINDOWS\System32\UMPDC.dll
0x00007ff919f80000 - 0x00007ff919fd2000 	C:\WINDOWS\System32\shlwapi.dll
0x00007ff9186a0000 - 0x00007ff9186b7000 	C:\WINDOWS\System32\cryptsp.dll
0x00007ff8f8be0000 - 0x00007ff8f8bf9000 	C:\Program Files\Amazon Corretto\jdk11.0.7_10\bin\net.dll
0x00007ff904d90000 - 0x00007ff904e80000 	C:\WINDOWS\SYSTEM32\WINHTTP.dll
0x00007ff916d90000 - 0x00007ff916df7000 	C:\WINDOWS\system32\mswsock.dll
0x00007ff8f4560000 - 0x00007ff8f4572000 	C:\Program Files\Amazon Corretto\jdk11.0.7_10\bin\nio.dll
0x00007ff9168a0000 - 0x00007ff9168d3000 	C:\WINDOWS\system32\rsaenh.dll
0x00007ff918490000 - 0x00007ff9184b6000 	C:\WINDOWS\System32\bcrypt.dll
0x00007ff917440000 - 0x00007ff917465000 	C:\WINDOWS\SYSTEM32\USERENV.dll
0x00007ff916f60000 - 0x00007ff916f6c000 	C:\WINDOWS\SYSTEM32\CRYPTBASE.dll
0x00007ff916a40000 - 0x00007ff916a7a000 	C:\WINDOWS\SYSTEM32\IPHLPAPI.DLL
0x00007ff918710000 - 0x00007ff918718000 	C:\WINDOWS\System32\NSI.dll
0x00007ff90ef00000 - 0x00007ff90ef16000 	C:\WINDOWS\SYSTEM32\dhcpcsvc6.DLL
0x00007ff910470000 - 0x00007ff91048c000 	C:\WINDOWS\SYSTEM32\dhcpcsvc.DLL
0x00007ff916a80000 - 0x00007ff916b4b000 	C:\WINDOWS\SYSTEM32\DNSAPI.dll

dbghelp: loaded successfully - version: 4.0.5 - missing functions: none
symbol engine: initialized successfully - sym options: 0x614 - pdb path: .;C:\Program Files\Amazon Corretto\jdk11.0.7_10\bin;C:\WINDOWS\SYSTEM32;C:\WINDOWS\WinSxS\amd64_microsoft.windows.common-controls_6595b64144ccf1df_6.0.18362.900_none_e6beb9d913147d17;C:\Program Files\Amazon Corretto\jdk11.0.7_10\bin\server

VM Arguments:
jvm_args: --add-modules=ALL-SYSTEM --add-opens=java.base/java.util=ALL-UNNAMED --add-opens=java.base/java.lang=ALL-UNNAMED -Declipse.application=org.eclipse.jdt.ls.core.id1 -Dosgi.bundles.defaultStartLevel=4 -Declipse.product=org.eclipse.jdt.ls.core.product -Dfile.encoding=utf8 -DwatchParentProcess=false -XX:+UseParallelGC -XX:GCTimeRatio=4 -XX:AdaptiveSizePolicyWeight=90 -Dsun.zip.disableMemoryMapping=true -Xmx1G -Xms100m -Xverify:none 
java_command: c:\Users\ijust\.vscode\extensions\redhat.java-0.64.1\server\plugins\org.eclipse.equinox.launcher_1.5.700.v20200207-2156.jar -configuration c:\Users\ijust\AppData\Roaming\Code\User\globalStorage\redhat.java\0.64.1\config_win -data c:\Users\ijust\AppData\Roaming\Code\User\workspaceStorage\30e31cfeb228a3c5ab359a268a75e44e\redhat.java\jdt_ws
java_class_path (initial): c:\Users\ijust\.vscode\extensions\redhat.java-0.64.1\server\plugins\org.eclipse.equinox.launcher_1.5.700.v20200207-2156.jar
Launcher Type: SUN_STANDARD

[Global flags]
    uintx AdaptiveSizePolicyWeight                 = 90                                        {product} {command line}
     bool BytecodeVerificationLocal                = false                                     {product} {command line}
     bool BytecodeVerificationRemote               = false                                     {product} {command line}
     intx CICompilerCount                          = 12                                        {product} {ergonomic}
    uintx GCTimeRatio                              = 4                                         {product} {command line}
   size_t InitialHeapSize                          = 104857600                                 {product} {command line}
   size_t MaxHeapSize                              = 1073741824                                {product} {command line}
   size_t MaxNewSize                               = 357564416                                 {product} {ergonomic}
   size_t MinHeapDeltaBytes                        = 524288                                    {product} {ergonomic}
   size_t NewSize                                  = 34603008                                  {product} {ergonomic}
    uintx NonNMethodCodeHeapSize                   = 7594288                                {pd product} {ergonomic}
    uintx NonProfiledCodeHeapSize                  = 122031976                              {pd product} {ergonomic}
   size_t OldSize                                  = 70254592                                  {product} {ergonomic}
    uintx ProfiledCodeHeapSize                     = 122031976                              {pd product} {ergonomic}
    uintx ReservedCodeCacheSize                    = 251658240                              {pd product} {ergonomic}
     bool SegmentedCodeCache                       = true                                      {product} {ergonomic}
     bool UseCompressedClassPointers               = true                                 {lp64_product} {ergonomic}
     bool UseCompressedOops                        = true                                 {lp64_product} {ergonomic}
     bool UseLargePagesIndividualAllocation        = false                                  {pd product} {ergonomic}
     bool UseParallelGC                            = true                                      {product} {command line}

Logging:
Log output configuration:
 #0: stdout all=warning uptime,level,tags
 #1: stderr all=off uptime,level,tags

Environment Variables:
JAVA_HOME=C:\Program Files\Amazon Corretto\jdk11.0.7_10
PATH=C:\Program Files\Amazon Corretto\jdk11.0.7_10\bin;C:\ProgramData\Oracle\Java\javapath;C:\Program Files (x86)\Razer Chroma SDK\bin;C:\Program Files\Razer Chroma SDK\bin;C:\Windows\system32;C:\Windows;C:\Windows\System32\Wbem;C:\Windows\System32\WindowsPowerShell\v1.0\;C:\Users\ijust\AppData\Local\Microsoft\WindowsApps;C:\WINDOWS\system32;C:\WINDOWS;C:\WINDOWS\System32\Wbem;C:\WINDOWS\System32\WindowsPowerShell\v1.0\;C:\WINDOWS\System32\OpenSSH\;C:\Program Files\NVIDIA Corporation\NVIDIA NvDLISR;C:\Program Files\Git\cmd;C:\Program Files (x86)\NVIDIA Corporation\PhysX\Common;C:\WINDOWS\system32;C:\WINDOWS;C:\WINDOWS\System32\Wbem;C:\WINDOWS\System32\WindowsPowerShell\v1.0\;C:\WINDOWS\System32\OpenSSH\;C:\Program Files\nodejs\;C:\Program Files\Git LFS;C:\Program Files\MySQL\MySQL Shell 8.0\bin\;C:\Users\ijust\AppData\Local\Microsoft\WindowsApps;;C:\Users\ijust\AppData\Local\Programs\Microsoft VS Code\bin;C:\Users\ijust\AppData\Roaming\npm;C:\Program Files\heroku\bin
USERNAME=ijust
OS=Windows_NT
PROCESSOR_IDENTIFIER=Intel64 Family 6 Model 158 Stepping 13, GenuineIntel



---------------  S Y S T E M  ---------------

OS: Windows 10 , 64 bit Build 18362 (10.0.18362.900)
OS uptime: 0 days 12:23 hours

CPU:total 16 (initial active 16) (8 cores per cpu, 2 threads per core) family 6 model 158 stepping 13, cmov, cx8, fxsr, mmx, sse, sse2, sse3, ssse3, sse4.1, sse4.2, popcnt, avx, avx2, aes, clmul, erms, rtm, 3dnowpref, lzcnt, ht, tsc, tscinvbit, bmi1, bmi2, adx, fma

Memory: 4k page, system-wide physical 32699M (22559M free)
TotalPageFile size 37563M (AvailPageFile size 24278M)
current process WorkingSet (physical memory assigned to process): 73M, peak: 73M
current process commit charge ("private bytes"): 224M, peak: 224M

vm_info: OpenJDK 64-Bit Server VM (11.0.7+10-LTS) for windows-amd64 JRE (11.0.7+10-LTS), built on Apr 10 2020 08:08:39 by "Administrator" with MS VC++ 15.9 (VS2017)

END.
